{"C:\\Users\\alemu\\OneDrive\\Desktop\\a01364696_Alejandra_Munden\\javascript\\languages.js": {"path":"C:\\Users\\alemu\\OneDrive\\Desktop\\a01364696_Alejandra_Munden\\javascript\\languages.js","statementMap":{"0":{"start":{"line":2,"column":23},"end":{"line":2,"column":27}},"1":{"start":{"line":3,"column":23},"end":{"line":3,"column":25}},"2":{"start":{"line":5,"column":4},"end":{"line":5,"column":35}},"3":{"start":{"line":6,"column":4},"end":{"line":6,"column":32}},"4":{"start":{"line":7,"column":4},"end":{"line":7,"column":28}},"5":{"start":{"line":9,"column":4},"end":{"line":11,"column":7}},"6":{"start":{"line":10,"column":4},"end":{"line":10,"column":51}},"7":{"start":{"line":12,"column":4},"end":{"line":12,"column":24}},"8":{"start":{"line":14,"column":0},"end":{"line":14,"column":27}}},"fnMap":{"0":{"name":"languages","decl":{"start":{"line":1,"column":9},"end":{"line":1,"column":18}},"loc":{"start":{"line":1,"column":25},"end":{"line":13,"column":1}},"line":1},"1":{"name":"(anonymous_1)","decl":{"start":{"line":9,"column":21},"end":{"line":9,"column":22}},"loc":{"start":{"line":9,"column":39},"end":{"line":11,"column":5}},"line":9}},"branchMap":{},"s":{"0":1,"1":1,"2":1,"3":1,"4":1,"5":1,"6":3,"7":1,"8":1},"f":{"0":1,"1":3},"b":{},"_coverageSchema":"1a1c01bbd47fc00a2c39e90264f33305004495a9","hash":"ddf3f538491461a3fa937f01e1808f58a0d5767a"}
,"C:\\Users\\alemu\\OneDrive\\Desktop\\a01364696_Alejandra_Munden\\javascript\\provincesAndTerritories.js": {"path":"C:\\Users\\alemu\\OneDrive\\Desktop\\a01364696_Alejandra_Munden\\javascript\\provincesAndTerritories.js","statementMap":{"0":{"start":{"line":9,"column":19},"end":{"line":9,"column":21}},"1":{"start":{"line":10,"column":4},"end":{"line":38,"column":5}},"2":{"start":{"line":11,"column":8},"end":{"line":11,"column":29}},"3":{"start":{"line":12,"column":11},"end":{"line":38,"column":5}},"4":{"start":{"line":13,"column":8},"end":{"line":13,"column":38}},"5":{"start":{"line":14,"column":11},"end":{"line":38,"column":5}},"6":{"start":{"line":15,"column":8},"end":{"line":15,"column":30}},"7":{"start":{"line":16,"column":11},"end":{"line":38,"column":5}},"8":{"start":{"line":17,"column":8},"end":{"line":17,"column":35}},"9":{"start":{"line":18,"column":11},"end":{"line":38,"column":5}},"10":{"start":{"line":19,"column":8},"end":{"line":19,"column":34}},"11":{"start":{"line":20,"column":11},"end":{"line":38,"column":5}},"12":{"start":{"line":21,"column":8},"end":{"line":21,"column":33}},"13":{"start":{"line":22,"column":11},"end":{"line":38,"column":5}},"14":{"start":{"line":23,"column":8},"end":{"line":23,"column":29}},"15":{"start":{"line":24,"column":11},"end":{"line":38,"column":5}},"16":{"start":{"line":25,"column":8},"end":{"line":25,"column":42}},"17":{"start":{"line":26,"column":11},"end":{"line":38,"column":5}},"18":{"start":{"line":27,"column":8},"end":{"line":27,"column":28}},"19":{"start":{"line":28,"column":11},"end":{"line":38,"column":5}},"20":{"start":{"line":29,"column":8},"end":{"line":29,"column":34}},"21":{"start":{"line":30,"column":11},"end":{"line":38,"column":5}},"22":{"start":{"line":31,"column":8},"end":{"line":31,"column":29}},"23":{"start":{"line":32,"column":11},"end":{"line":38,"column":5}},"24":{"start":{"line":33,"column":8},"end":{"line":33,"column":43}},"25":{"start":{"line":34,"column":11},"end":{"line":38,"column":5}},"26":{"start":{"line":35,"column":8},"end":{"line":35,"column":27}},"27":{"start":{"line":37,"column":8},"end":{"line":37,"column":46}},"28":{"start":{"line":39,"column":4},"end":{"line":39,"column":20}},"29":{"start":{"line":41,"column":0},"end":{"line":41,"column":41}}},"fnMap":{"0":{"name":"provincesAndTerritories","decl":{"start":{"line":8,"column":9},"end":{"line":8,"column":32}},"loc":{"start":{"line":8,"column":63},"end":{"line":40,"column":1}},"line":8}},"branchMap":{"0":{"loc":{"start":{"line":10,"column":4},"end":{"line":38,"column":5}},"type":"if","locations":[{"start":{"line":10,"column":4},"end":{"line":38,"column":5}},{"start":{"line":12,"column":11},"end":{"line":38,"column":5}}],"line":10},"1":{"loc":{"start":{"line":12,"column":11},"end":{"line":38,"column":5}},"type":"if","locations":[{"start":{"line":12,"column":11},"end":{"line":38,"column":5}},{"start":{"line":14,"column":11},"end":{"line":38,"column":5}}],"line":12},"2":{"loc":{"start":{"line":14,"column":11},"end":{"line":38,"column":5}},"type":"if","locations":[{"start":{"line":14,"column":11},"end":{"line":38,"column":5}},{"start":{"line":16,"column":11},"end":{"line":38,"column":5}}],"line":14},"3":{"loc":{"start":{"line":16,"column":11},"end":{"line":38,"column":5}},"type":"if","locations":[{"start":{"line":16,"column":11},"end":{"line":38,"column":5}},{"start":{"line":18,"column":11},"end":{"line":38,"column":5}}],"line":16},"4":{"loc":{"start":{"line":18,"column":11},"end":{"line":38,"column":5}},"type":"if","locations":[{"start":{"line":18,"column":11},"end":{"line":38,"column":5}},{"start":{"line":20,"column":11},"end":{"line":38,"column":5}}],"line":18},"5":{"loc":{"start":{"line":20,"column":11},"end":{"line":38,"column":5}},"type":"if","locations":[{"start":{"line":20,"column":11},"end":{"line":38,"column":5}},{"start":{"line":22,"column":11},"end":{"line":38,"column":5}}],"line":20},"6":{"loc":{"start":{"line":22,"column":11},"end":{"line":38,"column":5}},"type":"if","locations":[{"start":{"line":22,"column":11},"end":{"line":38,"column":5}},{"start":{"line":24,"column":11},"end":{"line":38,"column":5}}],"line":22},"7":{"loc":{"start":{"line":24,"column":11},"end":{"line":38,"column":5}},"type":"if","locations":[{"start":{"line":24,"column":11},"end":{"line":38,"column":5}},{"start":{"line":26,"column":11},"end":{"line":38,"column":5}}],"line":24},"8":{"loc":{"start":{"line":26,"column":11},"end":{"line":38,"column":5}},"type":"if","locations":[{"start":{"line":26,"column":11},"end":{"line":38,"column":5}},{"start":{"line":28,"column":11},"end":{"line":38,"column":5}}],"line":26},"9":{"loc":{"start":{"line":28,"column":11},"end":{"line":38,"column":5}},"type":"if","locations":[{"start":{"line":28,"column":11},"end":{"line":38,"column":5}},{"start":{"line":30,"column":11},"end":{"line":38,"column":5}}],"line":28},"10":{"loc":{"start":{"line":30,"column":11},"end":{"line":38,"column":5}},"type":"if","locations":[{"start":{"line":30,"column":11},"end":{"line":38,"column":5}},{"start":{"line":32,"column":11},"end":{"line":38,"column":5}}],"line":30},"11":{"loc":{"start":{"line":32,"column":11},"end":{"line":38,"column":5}},"type":"if","locations":[{"start":{"line":32,"column":11},"end":{"line":38,"column":5}},{"start":{"line":34,"column":11},"end":{"line":38,"column":5}}],"line":32},"12":{"loc":{"start":{"line":34,"column":11},"end":{"line":38,"column":5}},"type":"if","locations":[{"start":{"line":34,"column":11},"end":{"line":38,"column":5}},{"start":{"line":36,"column":11},"end":{"line":38,"column":5}}],"line":34}},"s":{"0":13,"1":13,"2":1,"3":12,"4":1,"5":11,"6":1,"7":10,"8":1,"9":9,"10":1,"11":8,"12":1,"13":7,"14":1,"15":6,"16":1,"17":5,"18":1,"19":4,"20":1,"21":3,"22":1,"23":2,"24":1,"25":1,"26":1,"27":0,"28":13,"29":1},"f":{"0":13},"b":{"0":[1,12],"1":[1,11],"2":[1,10],"3":[1,9],"4":[1,8],"5":[1,7],"6":[1,6],"7":[1,5],"8":[1,4],"9":[1,3],"10":[1,2],"11":[1,1],"12":[1,0]},"_coverageSchema":"1a1c01bbd47fc00a2c39e90264f33305004495a9","hash":"6b002acdd293ccade204347460056c60e9b33dbe"}
,"C:\\Users\\alemu\\OneDrive\\Desktop\\a01364696_Alejandra_Munden\\javascript\\speed.js": {"path":"C:\\Users\\alemu\\OneDrive\\Desktop\\a01364696_Alejandra_Munden\\javascript\\speed.js","statementMap":{"0":{"start":{"line":2,"column":26},"end":{"line":2,"column":27}},"1":{"start":{"line":3,"column":12},"end":{"line":3,"column":13}},"2":{"start":{"line":5,"column":0},"end":{"line":14,"column":1}},"3":{"start":{"line":5,"column":13},"end":{"line":5,"column":14}},"4":{"start":{"line":7,"column":0},"end":{"line":9,"column":1}},"5":{"start":{"line":8,"column":4},"end":{"line":8,"column":8}},"6":{"start":{"line":11,"column":0},"end":{"line":11,"column":39}},"7":{"start":{"line":13,"column":4},"end":{"line":13,"column":44}},"8":{"start":{"line":15,"column":0},"end":{"line":15,"column":42}},"9":{"start":{"line":18,"column":0},"end":{"line":18,"column":23}}},"fnMap":{"0":{"name":"speed","decl":{"start":{"line":1,"column":9},"end":{"line":1,"column":14}},"loc":{"start":{"line":1,"column":31},"end":{"line":16,"column":1}},"line":1}},"branchMap":{},"s":{"0":2,"1":2,"2":2,"3":2,"4":4,"5":3,"6":4,"7":4,"8":2,"9":1},"f":{"0":2},"b":{},"_coverageSchema":"1a1c01bbd47fc00a2c39e90264f33305004495a9","hash":"0c361fd678b061ddcbcee33b18b9f3efe2fca1b6"}
}
