TN:
SF:javascript\languages.js
FN:1,languages
FN:9,(anonymous_1)
FNF:2
FNH:2
FNDA:1,languages
FNDA:3,(anonymous_1)
DA:2,1
DA:3,1
DA:5,1
DA:6,1
DA:7,1
DA:9,1
DA:10,3
DA:12,1
DA:14,1
LF:9
LH:9
BRF:0
BRH:0
end_of_record
TN:
SF:javascript\provincesAndTerritories.js
FN:8,provincesAndTerritories
FNF:1
FNH:1
FNDA:13,provincesAndTerritories
DA:9,13
DA:10,13
DA:11,1
DA:12,12
DA:13,1
DA:14,11
DA:15,1
DA:16,10
DA:17,1
DA:18,9
DA:19,1
DA:20,8
DA:21,1
DA:22,7
DA:23,1
DA:24,6
DA:25,1
DA:26,5
DA:27,1
DA:28,4
DA:29,1
DA:30,3
DA:31,1
DA:32,2
DA:33,1
DA:34,1
DA:35,1
DA:37,0
DA:39,13
DA:41,1
LF:30
LH:29
BRDA:10,0,0,1
BRDA:10,0,1,12
BRDA:12,1,0,1
BRDA:12,1,1,11
BRDA:14,2,0,1
BRDA:14,2,1,10
BRDA:16,3,0,1
BRDA:16,3,1,9
BRDA:18,4,0,1
BRDA:18,4,1,8
BRDA:20,5,0,1
BRDA:20,5,1,7
BRDA:22,6,0,1
BRDA:22,6,1,6
BRDA:24,7,0,1
BRDA:24,7,1,5
BRDA:26,8,0,1
BRDA:26,8,1,4
BRDA:28,9,0,1
BRDA:28,9,1,3
BRDA:30,10,0,1
BRDA:30,10,1,2
BRDA:32,11,0,1
BRDA:32,11,1,1
BRDA:34,12,0,1
BRDA:34,12,1,0
BRF:26
BRH:25
end_of_record
TN:
SF:javascript\speed.js
FN:1,speed
FNF:1
FNH:1
FNDA:2,speed
DA:2,2
DA:3,2
DA:5,2
DA:7,4
DA:8,3
DA:11,4
DA:13,4
DA:15,2
DA:18,1
LF:9
LH:9
BRF:0
BRH:0
end_of_record
